<?xml version="1.0" encoding="UTF-8"?>
<!-- Generated by org.testng.reporters.JUnitReportReporter -->
<testsuite skipped="0" hostname="MACAIM00840" name="demo.RestDemo.REstDemo.Basic2" tests="1" failures="0" timestamp="2019-11-26T17:46:52 IST" time="2.927" errors="0">
  <testcase name="createPlaceAPI" time="2.927" classname="demo.RestDemo.REstDemo.Basic2"/>
</testsuite> <!-- demo.RestDemo.REstDemo.Basic2 -->
