<?xml version="1.0" encoding="UTF-8"?>
<!-- Generated by org.testng.reporters.JUnitReportReporter -->
<testsuite skipped="0" hostname="MACAIM00840" name="demo.RestDemo.REstDemo.Basic3" tests="1" failures="0" timestamp="2019-11-26T19:03:02 IST" time="4.774" errors="0">
  <testcase name="AddandDeletePlace" time="4.774" classname="demo.RestDemo.REstDemo.Basic3"/>
</testsuite> <!-- demo.RestDemo.REstDemo.Basic3 -->
